9/19/19
Created Log
Created Make File
Assisted with Register File
9/23/10
Completed ConditionCodes
10/1 - 10/15/2019
Worked to implement loader
Passed 6 Tests so far
10/21
16 Tests now work, removed trickyErrors
10/22
Makefile now accuratei
10/24 
Completed execute, and writeback files
10/25
Completed PCincrement method
10/31
Passed two tests on execute stage
11/2
Got 27/27 tests to pass!
11/7 
got all 44 tests to pass! 
12/7
IMplement part II. code, not yet working
12/8
Finished 2 yas programs so far
12/8
4 programs done
